<?xml version="1.0" encoding="UTF-8"?>
<!-- Generated by org.testng.reporters.JUnitReportReporter -->
<testsuite skipped="0" hostname="lslcwksg6161309" name="com.fb.qa.testcases.LoginPageTest" tests="3" failures="0" timestamp="28 May 2019 18:58:30 GMT" time="47.624" errors="0">
  <testcase name="loginPageTitleTest" time="12.029" classname="com.fb.qa.testcases.LoginPageTest"/>
  <testcase name="loginPageLogoTest" time="12.562" classname="com.fb.qa.testcases.LoginPageTest"/>
  <testcase name="loginTest" time="23.033" classname="com.fb.qa.testcases.LoginPageTest"/>
</testsuite> <!-- com.fb.qa.testcases.LoginPageTest -->
